This file contains any messages produced by compilers while
running configure, to aid debugging if configure makes a mistake.

It was created by syncfolders configure 0.1, which was
generated by GNU Autoconf 2.68.  Invocation command line was

  $ /home/fabi/Programmierung/C_CPP/syncfolders/configure --enable-maintainer-mode CFLAGS=-g -O0 CXXFLAGS=-g -O0 JFLAGS=-g -O0 FFLAGS=-g -O0

## --------- ##
## Platform. ##
## --------- ##

hostname = schneki-workstation
uname -m = x86_64
uname -r = 3.0.6-gentoo
uname -s = Linux
uname -v = #5 SMP Fri Nov 18 19:25:39 CET 2011

/usr/bin/uname -p = Intel(R) Core(TM) i7 CPU 860 @ 2.80GHz
/bin/uname -X     = unknown

/bin/arch              = unknown
/usr/bin/arch -k       = unknown
/usr/convex/getsysinfo = unknown
/usr/bin/hostinfo      = unknown
/bin/machine           = unknown
/usr/bin/oslevel       = unknown
/bin/universe          = unknown

PATH: /usr/local/bin
PATH: /usr/bin
PATH: /bin
PATH: /opt/bin
PATH: /usr/x86_64-pc-linux-gnu/gcc-bin/4.5.3


## ----------- ##
## Core tests. ##
## ----------- ##

configure:1824: checking for a BSD-compatible install
configure:1892: result: /usr/bin/install -c
configure:1903: checking whether build environment is sane
configure:1953: result: yes
configure:2094: checking for a thread-safe mkdir -p
configure:2133: result: /bin/mkdir -p
configure:2146: checking for gawk
configure:2162: found /usr/bin/gawk
configure:2173: result: gawk
configure:2184: checking whether make sets $(MAKE)
configure:2206: result: yes
configure:2289: checking whether to enable maintainer-specific portions of Makefiles
configure:2298: result: yes
configure:2360: checking for gcc
configure:2376: found /usr/bin/gcc
configure:2387: result: gcc
configure:2616: checking for C compiler version
configure:2625: gcc --version >&5
gcc (Gentoo 4.5.3-r1 p1.0, pie-0.4.5) 4.5.3
Copyright (C) 2010 Free Software Foundation, Inc.
This is free software; see the source for copying conditions.  There is NO
warranty; not even for MERCHANTABILITY or FITNESS FOR A PARTICULAR PURPOSE.

configure:2636: $? = 0
configure:2625: gcc -v >&5
Using built-in specs.
COLLECT_GCC=/usr/x86_64-pc-linux-gnu/gcc-bin/4.5.3/gcc
COLLECT_LTO_WRAPPER=/usr/libexec/gcc/x86_64-pc-linux-gnu/4.5.3/lto-wrapper
Target: x86_64-pc-linux-gnu
Configured with: /var/tmp/portage/sys-devel/gcc-4.5.3-r1/work/gcc-4.5.3/configure --prefix=/usr --bindir=/usr/x86_64-pc-linux-gnu/gcc-bin/4.5.3 --includedir=/usr/lib/gcc/x86_64-pc-linux-gnu/4.5.3/include --datadir=/usr/share/gcc-data/x86_64-pc-linux-gnu/4.5.3 --mandir=/usr/share/gcc-data/x86_64-pc-linux-gnu/4.5.3/man --infodir=/usr/share/gcc-data/x86_64-pc-linux-gnu/4.5.3/info --with-gxx-include-dir=/usr/lib/gcc/x86_64-pc-linux-gnu/4.5.3/include/g++-v4 --host=x86_64-pc-linux-gnu --build=x86_64-pc-linux-gnu --disable-altivec --disable-fixed-point --without-ppl --without-cloog --disable-lto --enable-nls --without-included-gettext --with-system-zlib --disable-werror --enable-secureplt --enable-multilib --enable-libmudflap --disable-libssp --enable-libgomp --with-python-dir=/share/gcc-data/x86_64-pc-linux-gnu/4.5.3/python --enable-checking=release --enable-java-awt=gtk --enable-languages=c,c++,java,fortran --enable-shared --enable-threads=posix --enable-__cxa_atexit --enable-clocale=gnu --with-bugurl=http://bugs.gentoo.org/ --with-pkgversion='Gentoo 4.5.3-r1 p1.0, pie-0.4.5'
Thread model: posix
gcc version 4.5.3 (Gentoo 4.5.3-r1 p1.0, pie-0.4.5) 
configure:2636: $? = 0
configure:2625: gcc -V >&5
gcc: '-V' option must have argument
configure:2636: $? = 1
configure:2625: gcc -qversion >&5
gcc: unrecognized option '-qversion'
gcc: no input files
configure:2636: $? = 1
configure:2656: checking whether the C compiler works
configure:2678: gcc -g -O0   conftest.c  >&5
configure:2682: $? = 0
configure:2730: result: yes
configure:2733: checking for C compiler default output file name
configure:2735: result: a.out
configure:2741: checking for suffix of executables
configure:2748: gcc -o conftest -g -O0   conftest.c  >&5
configure:2752: $? = 0
configure:2774: result: 
configure:2796: checking whether we are cross compiling
configure:2804: gcc -o conftest -g -O0   conftest.c  >&5
configure:2808: $? = 0
configure:2815: ./conftest
configure:2819: $? = 0
configure:2834: result: no
configure:2839: checking for suffix of object files
configure:2861: gcc -c -g -O0  conftest.c >&5
configure:2865: $? = 0
configure:2886: result: o
configure:2890: checking whether we are using the GNU C compiler
configure:2909: gcc -c -g -O0  conftest.c >&5
configure:2909: $? = 0
configure:2918: result: yes
configure:2927: checking whether gcc accepts -g
configure:2947: gcc -c -g  conftest.c >&5
configure:2947: $? = 0
configure:2988: result: yes
configure:3005: checking for gcc option to accept ISO C89
configure:3069: gcc  -c -g -O0  conftest.c >&5
configure:3069: $? = 0
configure:3082: result: none needed
configure:3113: checking for style of include used by make
configure:3141: result: GNU
configure:3166: checking dependency style of gcc
configure:3276: result: gcc3
configure:3434: creating ./config.status

## ---------------------- ##
## Running config.status. ##
## ---------------------- ##

This file was extended by syncfolders config.status 0.1, which was
generated by GNU Autoconf 2.68.  Invocation command line was

  CONFIG_FILES    = 
  CONFIG_HEADERS  = 
  CONFIG_LINKS    = 
  CONFIG_COMMANDS = 
  $ ./config.status 

on schneki-workstation

config.status:851: creating Makefile
config.status:851: creating config.h
config.status:1017: config.h is unchanged
config.status:1065: executing depfiles commands

## ---------------- ##
## Cache variables. ##
## ---------------- ##

ac_cv_c_compiler_gnu=yes
ac_cv_env_CC_set=
ac_cv_env_CC_value=
ac_cv_env_CFLAGS_set=set
ac_cv_env_CFLAGS_value='-g -O0'
ac_cv_env_CPPFLAGS_set=
ac_cv_env_CPPFLAGS_value=
ac_cv_env_LDFLAGS_set=
ac_cv_env_LDFLAGS_value=
ac_cv_env_LIBS_set=
ac_cv_env_LIBS_value=
ac_cv_env_build_alias_set=
ac_cv_env_build_alias_value=
ac_cv_env_host_alias_set=
ac_cv_env_host_alias_value=
ac_cv_env_target_alias_set=
ac_cv_env_target_alias_value=
ac_cv_objext=o
ac_cv_path_install='/usr/bin/install -c'
ac_cv_path_mkdir=/bin/mkdir
ac_cv_prog_AWK=gawk
ac_cv_prog_ac_ct_CC=gcc
ac_cv_prog_cc_c89=
ac_cv_prog_cc_g=yes
ac_cv_prog_make_make_set=yes
am_cv_CC_dependencies_compiler_type=gcc3

## ----------------- ##
## Output variables. ##
## ----------------- ##

ACLOCAL='${SHELL} /home/fabi/Programmierung/C_CPP/syncfolders/missing --run aclocal-1.11'
AMDEPBACKSLASH='\'
AMDEP_FALSE='#'
AMDEP_TRUE=''
AMTAR='${SHELL} /home/fabi/Programmierung/C_CPP/syncfolders/missing --run tar'
AM_BACKSLASH='\'
AM_DEFAULT_VERBOSITY='0'
AUTOCONF='${SHELL} /home/fabi/Programmierung/C_CPP/syncfolders/missing --run autoconf'
AUTOHEADER='${SHELL} /home/fabi/Programmierung/C_CPP/syncfolders/missing --run autoheader'
AUTOMAKE='${SHELL} /home/fabi/Programmierung/C_CPP/syncfolders/missing --run automake-1.11'
AWK='gawk'
CC='gcc'
CCDEPMODE='depmode=gcc3'
CFLAGS='-g -O0'
CPPFLAGS=''
CYGPATH_W='echo'
DEFS='-DHAVE_CONFIG_H'
DEPDIR='.deps'
ECHO_C=''
ECHO_N='-n'
ECHO_T=''
EXEEXT=''
INSTALL_DATA='${INSTALL} -m 644'
INSTALL_PROGRAM='${INSTALL}'
INSTALL_SCRIPT='${INSTALL}'
INSTALL_STRIP_PROGRAM='$(install_sh) -c -s'
LDFLAGS=''
LIBOBJS=''
LIBS=''
LTLIBOBJS=''
MAINT=''
MAINTAINER_MODE_FALSE='#'
MAINTAINER_MODE_TRUE=''
MAKEINFO='${SHELL} /home/fabi/Programmierung/C_CPP/syncfolders/missing --run makeinfo'
MKDIR_P='/bin/mkdir -p'
OBJEXT='o'
PACKAGE='syncfolders'
PACKAGE_BUGREPORT=''
PACKAGE_NAME='syncfolders'
PACKAGE_STRING='syncfolders 0.1'
PACKAGE_TARNAME='syncfolders'
PACKAGE_URL=''
PACKAGE_VERSION='0.1'
PATH_SEPARATOR=':'
SET_MAKE=''
SHELL='/bin/sh'
STRIP=''
VERSION='0.1'
ac_ct_CC='gcc'
am__EXEEXT_FALSE=''
am__EXEEXT_TRUE='#'
am__fastdepCC_FALSE='#'
am__fastdepCC_TRUE=''
am__include='include'
am__isrc=' -I$(srcdir)'
am__leading_dot='.'
am__quote=''
am__tar='${AMTAR} chof - "$$tardir"'
am__untar='${AMTAR} xf -'
bindir='${exec_prefix}/bin'
build_alias=''
datadir='${datarootdir}'
datarootdir='${prefix}/share'
docdir='${datarootdir}/doc/${PACKAGE_TARNAME}'
dvidir='${docdir}'
exec_prefix='${prefix}'
host_alias=''
htmldir='${docdir}'
includedir='${prefix}/include'
infodir='${datarootdir}/info'
install_sh='${SHELL} /home/fabi/Programmierung/C_CPP/syncfolders/install-sh'
libdir='${exec_prefix}/lib'
libexecdir='${exec_prefix}/libexec'
localedir='${datarootdir}/locale'
localstatedir='${prefix}/var'
mandir='${datarootdir}/man'
mkdir_p='/bin/mkdir -p'
oldincludedir='/usr/include'
pdfdir='${docdir}'
prefix='/usr/local'
program_transform_name='s,x,x,'
psdir='${docdir}'
sbindir='${exec_prefix}/sbin'
sharedstatedir='${prefix}/com'
sysconfdir='${prefix}/etc'
target_alias=''

## ----------- ##
## confdefs.h. ##
## ----------- ##

/* confdefs.h */
#define PACKAGE_NAME "syncfolders"
#define PACKAGE_TARNAME "syncfolders"
#define PACKAGE_VERSION "0.1"
#define PACKAGE_STRING "syncfolders 0.1"
#define PACKAGE_BUGREPORT ""
#define PACKAGE_URL ""
#define PACKAGE "syncfolders"
#define VERSION "0.1"

configure: exit 0

## ---------------------- ##
## Running config.status. ##
## ---------------------- ##

This file was extended by syncfolders config.status 0.1, which was
generated by GNU Autoconf 2.68.  Invocation command line was

  CONFIG_FILES    = 
  CONFIG_HEADERS  = 
  CONFIG_LINKS    = 
  CONFIG_COMMANDS = 
  $ ./config.status Makefile depfiles

on schneki-workstation

config.status:851: creating Makefile
config.status:1065: executing depfiles commands
